# JRE version: Java(TM) SE Runtime Environment (8.0_181-b13) (build 1.8.0_181-b13)
# Java VM: Java HotSpot(TM) 64-Bit Server VM (25.181-b13 mixed mode windows-amd64 compressed oops)
Heap:
 garbage-first heap   total 262144K, used 205178K [0x00000000c0000000, 0x00000000c0100800, 0x0000000100000000)
  region size 1024K, 85 young (87040K), 2 survivors (2048K)
 Metaspace       used 150177K, capacity 165492K, committed 165616K, reserved 1191936K
  class space    used 18713K, capacity 22945K, committed 23036K, reserved 1048576K
GC Heap History (10 events):
Event: 295.633 GC heap before
{Heap before GC invocations=28 (full 0):
 garbage-first heap   total 262144K, used 138768K [0x00000000c0000000, 0x00000000c0100800, 0x0000000100000000)
  region size 1024K, 12 young (12288K), 6 survivors (6144K)
 Metaspace       used 135132K, capacity 149104K, committed 149360K, reserved 1177600K
  class space    used 16966K, capacity 20756K, committed 20860K, reserved 1048576K
Event: 295.681 GC heap after
Heap after GC invocations=29 (full 0):
 garbage-first heap   total 262144K, used 118122K [0x00000000c0000000, 0x00000000c0100800, 0x0000000100000000)
  region size 1024K, 2 young (2048K), 2 survivors (2048K)
 Metaspace       used 135132K, capacity 149104K, committed 149360K, reserved 1177600K
  class space    used 16966K, capacity 20756K, committed 20860K, reserved 1048576K
}
Event: 319.813 GC heap before
{Heap before GC invocations=29 (full 0):
 garbage-first heap   total 262144K, used 225130K [0x00000000c0000000, 0x00000000c0100800, 0x0000000100000000)
  region size 1024K, 106 young (108544K), 2 survivors (2048K)
 Metaspace       used 145446K, capacity 159882K, committed 160112K, reserved 1187840K
  class space    used 18098K, capacity 22079K, committed 22140K, reserved 1048576K
Event: 319.861 GC heap after
Heap after GC invocations=30 (full 0):
 garbage-first heap   total 262144K, used 133648K [0x00000000c0000000, 0x00000000c0100800, 0x0000000100000000)
  region size 1024K, 14 young (14336K), 14 survivors (14336K)
 Metaspace       used 145446K, capacity 159882K, committed 160112K, reserved 1187840K
  class space    used 18098K, capacity 22079K, committed 22140K, reserved 1048576K
}
Event: 391.676 GC heap before
{Heap before GC invocations=30 (full 0):
 garbage-first heap   total 262144K, used 219664K [0x00000000c0000000, 0x00000000c0100800, 0x0000000100000000)
  region size 1024K, 98 young (100352K), 14 survivors (14336K)
 Metaspace       used 146944K, capacity 161902K, committed 162160K, reserved 1189888K
  class space    used 18248K, capacity 22307K, committed 22396K, reserved 1048576K
Event: 391.693 GC heap after
Heap after GC invocations=31 (full 0):
 garbage-first heap   total 262144K, used 126992K [0x00000000c0000000, 0x00000000c0100800, 0x0000000100000000)
  region size 1024K, 8 young (8192K), 8 survivors (8192K)
 Metaspace       used 146944K, capacity 161902K, committed 162160K, reserved 1189888K
  class space    used 18248K, capacity 22307K, committed 22396K, reserved 1048576K
}
Event: 497.210 GC heap before
{Heap before GC invocations=32 (full 0):
 garbage-first heap   total 262144K, used 224257K [0x00000000c0000000, 0x00000000c0100800, 0x0000000100000000)
  region size 1024K, 104 young (106496K), 8 survivors (8192K)
 Metaspace       used 149257K, capacity 164254K, committed 164336K, reserved 1191936K
  class space    used 18606K, capacity 22727K, committed 22780K, reserved 1048576K
Event: 497.257 GC heap after
Heap after GC invocations=33 (full 0):
 garbage-first heap   total 262144K, used 131073K [0x00000000c0000000, 0x00000000c0100800, 0x0000000100000000)
  region size 1024K, 13 young (13312K), 13 survivors (13312K)
 Metaspace       used 149257K, capacity 164254K, committed 164336K, reserved 1191936K
  class space    used 18606K, capacity 22727K, committed 22780K, reserved 1048576K
}
Event: 497.939 GC heap before
{Heap before GC invocations=33 (full 0):
 garbage-first heap   total 262144K, used 132097K [0x00000000c0000000, 0x00000000c0100800, 0x0000000100000000)
  region size 1024K, 14 young (14336K), 13 survivors (13312K)
 Metaspace       used 149267K, capacity 164254K, committed 164336K, reserved 1191936K
  class space    used 18606K, capacity 22727K, committed 22780K, reserved 1048576K
Event: 497.994 GC heap after
Heap after GC invocations=34 (full 0):
 garbage-first heap   total 262144K, used 121210K [0x00000000c0000000, 0x00000000c0100800, 0x0000000100000000)
  region size 1024K, 2 young (2048K), 2 survivors (2048K)
 Metaspace       used 149267K, capacity 164254K, committed 164336K, reserved 1191936K
  class space    used 18606K, capacity 22727K, committed 22780K, reserved 1048576K
}

